<?xml version="1.0" encoding="UTF-8"?>
<testsuite xmlns:xsi="http://www.w3.org/2001/XMLSchema-instance" xsi:noNamespaceSchemaLocation="https://maven.apache.org/surefire/maven-surefire-plugin/xsd/surefire-test-report-3.0.xsd" version="3.0" name="com.zectia.report_microservice.ReportMicroserviceApplicationTests" time="10.65" tests="1" errors="0" skipped="0" failures="0">
  <properties>
[...]
</properties>
  <testcase name="contextLoads" classname="com.zectia.report_microservice.ReportMicroserviceApplicationTests" time="1.677">
    <system-out><![CDATA[09:04:45.112 [main] INFO org.springframework.test.context.support.AnnotationConfigContextLoaderUtils -- Could not detect default configuration classes for test class [com.zectia.report_microservice.ReportMicroserviceApplicationTests]: ReportMicroserviceApplicationTests does not declare any static, non-private, non-final, nested classes annotated with @Configuration.
09:04:45.474 [main] INFO org.springframework.boot.test.context.SpringBootTestContextBootstrapper -- Found @SpringBootConfiguration com.zectia.report_microservice.ReportMicroserviceApplication for test class com.zectia.report_microservice.ReportMicroserviceApplicationTests
  .   ____          _            __ _ _
 /\\ / ___'_ __ _ _(_)_ __  __ _ \ \ \ \
( ( )\___ | '_ | '_| | '_ \/ _` | \ \ \ \
 \\/  ___)| |_)| | | | | || (_| |  ) ) ) )
  '  |____| .__|_| |_|_| |_\__, | / / / /
 =========|_|==============|___/=/_/_/_/

 :: Spring Boot ::                (v3.3.0)

2024-06-10T09:04:46.697-04:00  INFO 50112 --- [report-microservice] [           main] c.z.r.ReportMicroserviceApplicationTests : Starting ReportMicroserviceApplicationTests using Java 21.0.2 with PID 50112 (started by luis in /mnt/c/users/luis/Desktop/zectia/report-microservice)
2024-06-10T09:04:46.700-04:00  INFO 50112 --- [report-microservice] [           main] c.z.r.ReportMicroserviceApplicationTests : No active profile set, falling back to 1 default profile: "default"
2024-06-10T09:04:48.915-04:00  INFO 50112 --- [report-microservice] [           main] .s.d.r.c.RepositoryConfigurationDelegate : Bootstrapping Spring Data MongoDB repositories in DEFAULT mode.
2024-06-10T09:04:49.123-04:00  INFO 50112 --- [report-microservice] [           main] .s.d.r.c.RepositoryConfigurationDelegate : Finished Spring Data repository scanning in 200 ms. Found 1 MongoDB repository interface.
2024-06-10T09:04:50.237-04:00  INFO 50112 --- [report-microservice] [edn.mongodb.net] org.mongodb.driver.cluster               : Adding discovered server ac-ozcgrmm-shard-00-00.0sgkedn.mongodb.net:27017 to client view of cluster
2024-06-10T09:04:50.310-04:00  INFO 50112 --- [report-microservice] [           main] org.mongodb.driver.client                : MongoClient with metadata {"application": {"name": "ClusterL"}, "driver": {"name": "mongo-java-driver|sync|spring-boot", "version": "5.0.1"}, "os": {"type": "Linux", "name": "Linux", "architecture": "amd64", "version": "5.15.146.1-microsoft-standard-WSL2"}, "platform": "Java/Homebrew/21.0.2"} created with settings MongoClientSettings{readPreference=primary, writeConcern=WriteConcern{w=majority, wTimeout=null ms, journal=null}, retryWrites=true, retryReads=true, readConcern=ReadConcern{level=null}, credential=MongoCredential{mechanism=null, userName='luis', source='admin', password=<hidden>, mechanismProperties=<hidden>}, transportSettings=null, commandListeners=[], codecRegistry=ProvidersCodecRegistry{codecProviders=[ValueCodecProvider{}, BsonValueCodecProvider{}, DBRefCodecProvider{}, DBObjectCodecProvider{}, DocumentCodecProvider{}, CollectionCodecProvider{}, IterableCodecProvider{}, MapCodecProvider{}, GeoJsonCodecProvider{}, GridFSFileCodecProvider{}, Jsr310CodecProvider{}, JsonObjectCodecProvider{}, BsonCodecProvider{}, EnumCodecProvider{}, com.mongodb.client.model.mql.ExpressionCodecProvider@26837057, com.mongodb.Jep395RecordCodecProvider@2dbc408c, com.mongodb.KotlinCodecProvider@991cbde]}, loggerSettings=LoggerSettings{maxDocumentLength=1000}, clusterSettings={hosts=[127.0.0.1:27017], srvHost=clusterl.0sgkedn.mongodb.net, srvServiceName=mongodb, mode=MULTIPLE, requiredClusterType=REPLICA_SET, requiredReplicaSetName='atlas-ah0qmd-shard-0', serverSelector='null', clusterListeners='[]', serverSelectionTimeout='30000 ms', localThreshold='15 ms'}, socketSettings=SocketSettings{connectTimeoutMS=10000, readTimeoutMS=0, receiveBufferSize=0, proxySettings=ProxySettings{host=null, port=null, username=null, password=null}}, heartbeatSocketSettings=SocketSettings{connectTimeoutMS=10000, readTimeoutMS=10000, receiveBufferSize=0, proxySettings=ProxySettings{host=null, port=null, username=null, password=null}}, connectionPoolSettings=ConnectionPoolSettings{maxSize=100, minSize=0, maxWaitTimeMS=120000, maxConnectionLifeTimeMS=0, maxConnectionIdleTimeMS=0, maintenanceInitialDelayMS=0, maintenanceFrequencyMS=60000, connectionPoolListeners=[], maxConnecting=2}, serverSettings=ServerSettings{heartbeatFrequencyMS=10000, minHeartbeatFrequencyMS=500, serverListeners='[]', serverMonitorListeners='[]'}, sslSettings=SslSettings{enabled=true, invalidHostNameAllowed=false, context=null}, applicationName='ClusterL', compressorList=[], uuidRepresentation=JAVA_LEGACY, serverApi=null, autoEncryptionSettings=null, dnsClient=null, inetAddressResolver=null, contextProvider=null}
2024-06-10T09:04:50.351-04:00  INFO 50112 --- [report-microservice] [edn.mongodb.net] org.mongodb.driver.cluster               : Adding discovered server ac-ozcgrmm-shard-00-02.0sgkedn.mongodb.net:27017 to client view of cluster
2024-06-10T09:04:50.357-04:00  INFO 50112 --- [report-microservice] [edn.mongodb.net] org.mongodb.driver.cluster               : Adding discovered server ac-ozcgrmm-shard-00-01.0sgkedn.mongodb.net:27017 to client view of cluster
2024-06-10T09:04:51.308-04:00  INFO 50112 --- [report-microservice] [ngodb.net:27017] org.mongodb.driver.cluster               : Monitor thread successfully connected to server with description ServerDescription{address=ac-ozcgrmm-shard-00-02.0sgkedn.mongodb.net:27017, type=REPLICA_SET_SECONDARY, state=CONNECTED, ok=true, minWireVersion=0, maxWireVersion=21, maxDocumentSize=16777216, logicalSessionTimeoutMinutes=30, roundTripTimeNanos=532890289, setName='atlas-ah0qmd-shard-0', canonicalAddress=ac-ozcgrmm-shard-00-02.0sgkedn.mongodb.net:27017, hosts=[ac-ozcgrmm-shard-00-00.0sgkedn.mongodb.net:27017, ac-ozcgrmm-shard-00-01.0sgkedn.mongodb.net:27017, ac-ozcgrmm-shard-00-02.0sgkedn.mongodb.net:27017], passives=[], arbiters=[], primary='ac-ozcgrmm-shard-00-01.0sgkedn.mongodb.net:27017', tagSet=TagSet{[Tag{name='availabilityZone', value='sae1-az2'}, Tag{name='diskState', value='READY'}, Tag{name='nodeType', value='ELECTABLE'}, Tag{name='provider', value='AWS'}, Tag{name='region', value='SA_EAST_1'}, Tag{name='workloadType', value='OPERATIONAL'}]}, electionId=null, setVersion=6, topologyVersion=TopologyVersion{processId=6661f12ef2ece173f44770ad, counter=3}, lastWriteDate=Mon Jun 10 09:04:51 BOT 2024, lastUpdateTimeNanos=8592601045194}
2024-06-10T09:04:51.311-04:00  INFO 50112 --- [report-microservice] [ngodb.net:27017] org.mongodb.driver.cluster               : Monitor thread successfully connected to server with description ServerDescription{address=ac-ozcgrmm-shard-00-01.0sgkedn.mongodb.net:27017, type=REPLICA_SET_PRIMARY, state=CONNECTED, ok=true, minWireVersion=0, maxWireVersion=21, maxDocumentSize=16777216, logicalSessionTimeoutMinutes=30, roundTripTimeNanos=535734789, setName='atlas-ah0qmd-shard-0', canonicalAddress=ac-ozcgrmm-shard-00-01.0sgkedn.mongodb.net:27017, hosts=[ac-ozcgrmm-shard-00-00.0sgkedn.mongodb.net:27017, ac-ozcgrmm-shard-00-01.0sgkedn.mongodb.net:27017, ac-ozcgrmm-shard-00-02.0sgkedn.mongodb.net:27017], passives=[], arbiters=[], primary='ac-ozcgrmm-shard-00-01.0sgkedn.mongodb.net:27017', tagSet=TagSet{[Tag{name='availabilityZone', value='sae1-az3'}, Tag{name='diskState', value='READY'}, Tag{name='nodeType', value='ELECTABLE'}, Tag{name='provider', value='AWS'}, Tag{name='region', value='SA_EAST_1'}, Tag{name='workloadType', value='OPERATIONAL'}]}, electionId=7fffffff00000000000000b0, setVersion=6, topologyVersion=TopologyVersion{processId=6661eea18ec58b035890ab58, counter=6}, lastWriteDate=Mon Jun 10 09:04:51 BOT 2024, lastUpdateTimeNanos=8592601045194}
2024-06-10T09:04:51.312-04:00  INFO 50112 --- [report-microservice] [ngodb.net:27017] org.mongodb.driver.cluster               : Monitor thread successfully connected to server with description ServerDescription{address=ac-ozcgrmm-shard-00-00.0sgkedn.mongodb.net:27017, type=REPLICA_SET_SECONDARY, state=CONNECTED, ok=true, minWireVersion=0, maxWireVersion=21, maxDocumentSize=16777216, logicalSessionTimeoutMinutes=30, roundTripTimeNanos=537105989, setName='atlas-ah0qmd-shard-0', canonicalAddress=ac-ozcgrmm-shard-00-00.0sgkedn.mongodb.net:27017, hosts=[ac-ozcgrmm-shard-00-00.0sgkedn.mongodb.net:27017, ac-ozcgrmm-shard-00-01.0sgkedn.mongodb.net:27017, ac-ozcgrmm-shard-00-02.0sgkedn.mongodb.net:27017], passives=[], arbiters=[], primary='ac-ozcgrmm-shard-00-01.0sgkedn.mongodb.net:27017', tagSet=TagSet{[Tag{name='availabilityZone', value='sae1-az1'}, Tag{name='diskState', value='READY'}, Tag{name='nodeType', value='ELECTABLE'}, Tag{name='provider', value='AWS'}, Tag{name='region', value='SA_EAST_1'}, Tag{name='workloadType', value='OPERATIONAL'}]}, electionId=null, setVersion=6, topologyVersion=TopologyVersion{processId=6661ec9d9ab26c985984571d, counter=4}, lastWriteDate=Mon Jun 10 09:04:51 BOT 2024, lastUpdateTimeNanos=8592601050394}
2024-06-10T09:04:51.329-04:00  INFO 50112 --- [report-microservice] [ngodb.net:27017] org.mongodb.driver.cluster               : Discovered replica set primary ac-ozcgrmm-shard-00-01.0sgkedn.mongodb.net:27017 with max election id 7fffffff00000000000000b0 and max set version 6
2024-06-10T09:04:53.597-04:00  INFO 50112 --- [report-microservice] [           main] c.z.r.ReportMicroserviceApplicationTests : Started ReportMicroserviceApplicationTests in 7.616 seconds (process running for 9.866)
]]></system-out>
    <system-err><![CDATA[WARNING: A Java agent has been loaded dynamically (/home/luis/.m2/repository/net/bytebuddy/byte-buddy-agent/1.14.16/byte-buddy-agent-1.14.16.jar)
WARNING: If a serviceability tool is in use, please run with -XX:+EnableDynamicAgentLoading to hide this warning
WARNING: If a serviceability tool is not in use, please run with -Djdk.instrument.traceUsage for more information
WARNING: Dynamic loading of agents will be disallowed by default in a future release
]]></system-err>
  </testcase>
</testsuite>